2025-03-02 09:34:28,828 INFO o.a.j.u.JMeterUtils: Setting Locale to en_EN
2025-03-02 09:34:28,922 INFO o.a.j.JMeter: Loading user properties from: user.properties
2025-03-02 09:34:28,928 INFO o.a.j.JMeter: Loading system properties from: system.properties
2025-03-02 09:34:29,005 INFO o.a.j.JMeter: Copyright (c) 1998-2022 The Apache Software Foundation
2025-03-02 09:34:29,005 INFO o.a.j.JMeter: Version 5.5
2025-03-02 09:34:29,005 INFO o.a.j.JMeter: java.version=19.0.2
2025-03-02 09:34:29,006 INFO o.a.j.JMeter: java.vm.name=Java HotSpot(TM) 64-Bit Server VM
2025-03-02 09:34:29,006 INFO o.a.j.JMeter: os.name=Windows 10
2025-03-02 09:34:29,006 INFO o.a.j.JMeter: os.arch=amd64
2025-03-02 09:34:29,006 INFO o.a.j.JMeter: os.version=10.0
2025-03-02 09:34:29,006 INFO o.a.j.JMeter: file.encoding=UTF-8
2025-03-02 09:34:29,006 INFO o.a.j.JMeter: java.awt.headless=null
2025-03-02 09:34:29,006 INFO o.a.j.JMeter: Max memory     =1073741824
2025-03-02 09:34:29,006 INFO o.a.j.JMeter: Available Processors =4
2025-03-02 09:34:29,024 INFO o.a.j.JMeter: Default Locale=English (EN)
2025-03-02 09:34:29,025 INFO o.a.j.JMeter: JMeter  Locale=English (EN)
2025-03-02 09:34:29,025 INFO o.a.j.JMeter: JMeterHome=D:\JMeter_Traning\JMeter_Session\apache-jmeter-5.5\apache-jmeter-5.5
2025-03-02 09:34:29,025 INFO o.a.j.JMeter: user.dir  =D:\JMeter_Traning\JMeter_Session\apache-jmeter-5.5\apache-jmeter-5.5\bin
2025-03-02 09:34:29,026 INFO o.a.j.JMeter: PWD       =D:\JMeter_Traning\JMeter_Session\apache-jmeter-5.5\apache-jmeter-5.5\bin
2025-03-02 09:34:29,028 INFO o.a.j.JMeter: IP: 172.30.48.1 Name: DESKTOP-UN3CR32 FullName: DESKTOP-UN3CR32.mshome.net
2025-03-02 09:34:29,049 INFO o.a.j.JMeter: Loaded icon properties from org/apache/jmeter/images/icon.properties
2025-03-02 09:34:29,864 INFO o.a.j.JMeterGuiLauncher: Setting LAF to: com.github.weisj.darklaf.DarkLaf:com.github.weisj.darklaf.theme.OneDarkTheme
2025-03-02 09:34:36,727 INFO o.j.r.JARSourceHTTP: Found cached repo
2025-03-02 09:34:37,250 INFO o.j.r.PluginManager: Plugins Status: [jpgc-graphs-basic=2.0, jpgc-graphs-additional=2.0, jpgc-casutg=3.0, jpgc-dummy=0.4, jpgc-fifo=0.2, jpgc-plugins-manager=1.10, bzm-random-csv=0.8, jpgc-webdriver=4.13.0.2, jpgc-tst=2.6, validate-thread-group=1.0.1, jmeter-core=5.5, jmeter-ftp=5.5, jmeter-http=5.5, jmeter-jdbc=5.5, jmeter-jms=5.5, jmeter-junit=5.5, jmeter-java=5.5, jmeter-ldap=5.5, jmeter-mail=5.5, jmeter-mongodb=5.5, jmeter-native=5.5, jmeter-tcp=5.5, jmeter-components=5.5]
2025-03-02 09:49:46,309 INFO o.a.j.s.FileServer: Default base='D:\JMeter_Traning\JMeter_Session\apache-jmeter-5.5\apache-jmeter-5.5\bin'
2025-03-02 09:49:46,340 INFO o.a.j.s.FileServer: Set new base='D:\JMeter_Traning\JMeter_Session\test-plan'
2025-03-02 09:49:47,414 INFO o.a.j.s.SaveService: Testplan (JMX) version: 2.2. Testlog (JTL) version: 2.2
2025-03-02 09:49:47,469 INFO o.a.j.s.SaveService: Using SaveService properties version 5.0
2025-03-02 09:49:47,473 INFO o.a.j.s.SaveService: Using SaveService properties file encoding UTF-8
2025-03-02 09:51:00,319 INFO o.a.j.s.SampleResult: Note: Sample TimeStamps are START times
2025-03-02 09:51:00,319 INFO o.a.j.s.SampleResult: sampleresult.default.encoding is set to ISO-8859-1
2025-03-02 09:51:00,320 INFO o.a.j.s.SampleResult: sampleresult.useNanoTime=true
2025-03-02 09:51:00,320 INFO o.a.j.s.SampleResult: sampleresult.nanoThreadSleep=5000
2025-03-02 09:54:26,737 INFO o.a.j.e.StandardJMeterEngine: Running the test!
2025-03-02 09:54:26,779 INFO o.a.j.s.SampleEvent: List of sample_variables: []
2025-03-02 09:54:26,779 INFO o.a.j.s.SampleEvent: List of sample_variables: []
2025-03-02 09:54:26,780 INFO o.a.j.e.u.CompoundVariable: Note: Function class names must contain the string: '.functions.'
2025-03-02 09:54:26,781 INFO o.a.j.e.u.CompoundVariable: Note: Function class names must not contain the string: '.gui.'
2025-03-02 09:54:27,021 INFO o.a.j.g.u.JMeterMenuBar: setRunning(true, *local*)
2025-03-02 09:54:27,195 INFO o.a.j.e.StandardJMeterEngine: Starting ThreadGroup: 1 : Thread Group
2025-03-02 09:54:27,196 INFO o.a.j.e.StandardJMeterEngine: Starting 1 threads for group Thread Group.
2025-03-02 09:54:27,196 INFO o.a.j.e.StandardJMeterEngine: Thread will continue on error
2025-03-02 09:54:27,196 INFO o.a.j.t.ThreadGroup: Starting thread group... number=1 threads=1 ramp-up=1 delayedStart=false
2025-03-02 09:54:27,203 INFO o.a.j.t.ThreadGroup: Started thread group number 1
2025-03-02 09:54:27,203 INFO o.a.j.e.StandardJMeterEngine: All thread groups have been started
2025-03-02 09:54:27,207 INFO o.a.j.t.JMeterThread: Thread started: Thread Group 1-1
2025-03-02 09:54:41,160 INFO o.a.j.t.JMeterThread: Thread is done: Thread Group 1-1
2025-03-02 09:54:41,160 INFO o.a.j.t.JMeterThread: Thread finished: Thread Group 1-1
2025-03-02 09:54:41,291 WARN o.a.n.h.WebSocketHandler: onError
java.net.SocketException: Connection reset
	at sun.nio.ch.SocketChannelImpl.throwConnectionReset(SocketChannelImpl.java:401) ~[?:?]
	at sun.nio.ch.SocketChannelImpl.read(SocketChannelImpl.java:434) ~[?:?]
	at io.netty.buffer.PooledByteBuf.setBytes(PooledByteBuf.java:254) ~[netty-buffer-4.1.100.Final.jar:4.1.100.Final]
	at io.netty.buffer.AbstractByteBuf.writeBytes(AbstractByteBuf.java:1132) ~[netty-buffer-4.1.100.Final.jar:4.1.100.Final]
	at io.netty.channel.socket.nio.NioSocketChannel.doReadBytes(NioSocketChannel.java:357) ~[netty-transport-4.1.100.Final.jar:4.1.100.Final]
	at io.netty.channel.nio.AbstractNioByteChannel$NioByteUnsafe.read(AbstractNioByteChannel.java:151) ~[netty-transport-4.1.100.Final.jar:4.1.100.Final]
	at io.netty.channel.nio.NioEventLoop.processSelectedKey(NioEventLoop.java:788) ~[netty-transport-4.1.100.Final.jar:4.1.100.Final]
	at io.netty.channel.nio.NioEventLoop.processSelectedKeysOptimized(NioEventLoop.java:724) ~[netty-transport-4.1.100.Final.jar:4.1.100.Final]
	at io.netty.channel.nio.NioEventLoop.processSelectedKeys(NioEventLoop.java:650) ~[netty-transport-4.1.100.Final.jar:4.1.100.Final]
	at io.netty.channel.nio.NioEventLoop.run(NioEventLoop.java:562) ~[netty-transport-4.1.100.Final.jar:4.1.100.Final]
	at io.netty.util.concurrent.SingleThreadEventExecutor$4.run(SingleThreadEventExecutor.java:997) ~[netty-common-4.1.100.Final.jar:4.1.100.Final]
	at io.netty.util.internal.ThreadExecutorMap$2.run(ThreadExecutorMap.java:74) ~[netty-common-4.1.100.Final.jar:4.1.100.Final]
	at io.netty.util.concurrent.FastThreadLocalRunnable.run(FastThreadLocalRunnable.java:30) ~[netty-common-4.1.100.Final.jar:4.1.100.Final]
	at java.lang.Thread.run(Thread.java:1589) ~[?:?]
2025-03-02 09:54:41,625 INFO o.a.j.e.StandardJMeterEngine: Notifying test listeners of end of test
2025-03-02 09:54:41,626 INFO o.a.j.g.u.JMeterMenuBar: setRunning(false, *local*)
2025-03-02 10:47:56,863 INFO o.a.j.e.StandardJMeterEngine: Running the test!
2025-03-02 10:47:56,922 INFO o.a.j.s.SampleEvent: List of sample_variables: []
2025-03-02 10:47:56,938 INFO o.a.j.g.u.JMeterMenuBar: setRunning(true, *local*)
2025-03-02 10:48:00,035 INFO o.a.j.e.StandardJMeterEngine: Starting ThreadGroup: 1 : Thread Group
2025-03-02 10:48:00,036 INFO o.a.j.e.StandardJMeterEngine: Starting 1 threads for group Thread Group.
2025-03-02 10:48:00,036 INFO o.a.j.e.StandardJMeterEngine: Thread will continue on error
2025-03-02 10:48:00,036 INFO o.a.j.t.ThreadGroup: Starting thread group... number=1 threads=1 ramp-up=1 delayedStart=false
2025-03-02 10:48:00,046 INFO o.a.j.t.ThreadGroup: Started thread group number 1
2025-03-02 10:48:00,046 INFO o.a.j.e.StandardJMeterEngine: All thread groups have been started
2025-03-02 10:48:35,601 INFO o.a.j.g.a.Start: Stopping test
2025-03-02 10:48:35,734 INFO o.a.j.t.JMeterThread: Stopping: Thread Group 1-1
2025-03-02 10:48:35,738 INFO o.a.j.t.JMeterThread: Thread started: Thread Group 1-1
2025-03-02 10:48:35,754 ERROR o.a.j.t.JMeterThread: Error calling threadStarted
org.openqa.selenium.WebDriverException: java.lang.InterruptedException: sleep interrupted
Build info: version: '4.13.0', revision: 'ba948ece5b*'
System info: os.name: 'Windows 10', os.arch: 'amd64', os.version: '10.0', java.version: '19.0.2'
Driver info: driver.version: unknown
	at org.openqa.selenium.os.OsProcess$SeleniumWatchDog.waitForProcessStarted(OsProcess.java:254) ~[selenium-os-4.13.0.jar:?]
	at org.openqa.selenium.os.OsProcess$SeleniumWatchDog.access$000(OsProcess.java:227) ~[selenium-os-4.13.0.jar:?]
	at org.openqa.selenium.os.OsProcess.waitForProcessStarted(OsProcess.java:111) ~[selenium-os-4.13.0.jar:?]
	at org.openqa.selenium.os.CommandLine.waitForProcessStarted(CommandLine.java:103) ~[selenium-os-4.13.0.jar:?]
	at org.openqa.selenium.remote.service.DriverService.start(DriverService.java:208) ~[selenium-remote-driver-4.13.0.jar:?]
	at com.googlecode.jmeter.plugins.webdriver.config.ChromeDriverConfig.getThreadService(ChromeDriverConfig.java:47) ~[jmeter-plugins-webdriver-4.13.0.2.jar:?]
	at com.googlecode.jmeter.plugins.webdriver.config.ChromeDriverConfig.createBrowser(ChromeDriverConfig.java:26) ~[jmeter-plugins-webdriver-4.13.0.2.jar:?]
	at com.googlecode.jmeter.plugins.webdriver.config.ChromeDriverConfig.createBrowser(ChromeDriverConfig.java:14) ~[jmeter-plugins-webdriver-4.13.0.2.jar:?]
	at com.googlecode.jmeter.plugins.webdriver.config.WebDriverConfig.getPreparedBrowser(WebDriverConfig.java:223) ~[jmeter-plugins-webdriver-4.13.0.2.jar:?]
	at com.googlecode.jmeter.plugins.webdriver.config.WebDriverConfig.threadStarted(WebDriverConfig.java:154) ~[jmeter-plugins-webdriver-4.13.0.2.jar:?]
	at org.apache.jmeter.threads.JMeterThread$ThreadListenerTraverser.addNode(JMeterThread.java:797) ~[ApacheJMeter_core.jar:5.5]
	at org.apache.jorphan.collections.HashTree.traverseInto(HashTree.java:993) ~[jorphan.jar:5.5]
	at org.apache.jorphan.collections.HashTree.traverse(HashTree.java:976) ~[jorphan.jar:5.5]
	at org.apache.jmeter.threads.JMeterThread.threadStarted(JMeterThread.java:765) ~[ApacheJMeter_core.jar:5.5]
	at org.apache.jmeter.threads.JMeterThread.initRun(JMeterThread.java:753) ~[ApacheJMeter_core.jar:5.5]
	at org.apache.jmeter.threads.JMeterThread.run(JMeterThread.java:264) ~[ApacheJMeter_core.jar:5.5]
	at java.lang.Thread.run(Thread.java:1589) ~[?:?]
Caused by: java.lang.InterruptedException: sleep interrupted
	at java.lang.Thread.sleep0(Native Method) ~[?:?]
	at java.lang.Thread.sleep(Thread.java:465) ~[?:?]
	at org.openqa.selenium.os.OsProcess$SeleniumWatchDog.waitForProcessStarted(OsProcess.java:251) ~[selenium-os-4.13.0.jar:?]
	... 16 more
2025-03-02 10:48:35,781 INFO o.a.j.t.JMeterThread: Thread finished: Thread Group 1-1
2025-03-02 10:48:35,781 INFO o.a.j.e.StandardJMeterEngine: Notifying test listeners of end of test
2025-03-02 10:48:35,782 INFO o.a.j.g.u.JMeterMenuBar: setRunning(false, *local*)
2025-03-02 10:48:43,149 INFO o.a.j.e.StandardJMeterEngine: Running the test!
2025-03-02 10:48:43,149 INFO o.a.j.s.SampleEvent: List of sample_variables: []
2025-03-02 10:48:43,150 INFO o.a.j.g.u.JMeterMenuBar: setRunning(true, *local*)
2025-03-02 10:48:43,248 INFO o.a.j.e.StandardJMeterEngine: Starting ThreadGroup: 1 : Thread Group
2025-03-02 10:48:43,249 INFO o.a.j.e.StandardJMeterEngine: Starting 1 threads for group Thread Group.
2025-03-02 10:48:43,249 INFO o.a.j.e.StandardJMeterEngine: Thread will continue on error
2025-03-02 10:48:43,249 INFO o.a.j.t.ThreadGroup: Starting thread group... number=1 threads=1 ramp-up=1 delayedStart=false
2025-03-02 10:48:43,255 INFO o.a.j.t.ThreadGroup: Started thread group number 1
2025-03-02 10:48:43,256 INFO o.a.j.e.StandardJMeterEngine: All thread groups have been started
2025-03-02 10:48:43,258 INFO o.a.j.t.JMeterThread: Thread started: Thread Group 1-1
2025-03-02 10:48:50,222 INFO o.a.j.t.JMeterThread: Thread is done: Thread Group 1-1
2025-03-02 10:48:50,223 INFO o.a.j.t.JMeterThread: Thread finished: Thread Group 1-1
2025-03-02 10:48:50,767 INFO o.a.j.e.StandardJMeterEngine: Notifying test listeners of end of test
2025-03-02 10:48:50,768 INFO o.a.j.g.u.JMeterMenuBar: setRunning(false, *local*)
2025-03-02 10:49:07,675 INFO o.a.j.e.StandardJMeterEngine: Running the test!
2025-03-02 10:49:07,676 INFO o.a.j.s.SampleEvent: List of sample_variables: []
2025-03-02 10:49:07,677 INFO o.a.j.g.u.JMeterMenuBar: setRunning(true, *local*)
2025-03-02 10:49:07,779 INFO o.a.j.e.StandardJMeterEngine: Starting ThreadGroup: 1 : Thread Group
2025-03-02 10:49:07,779 INFO o.a.j.e.StandardJMeterEngine: Starting 1 threads for group Thread Group.
2025-03-02 10:49:07,779 INFO o.a.j.e.StandardJMeterEngine: Thread will continue on error
2025-03-02 10:49:07,779 INFO o.a.j.t.ThreadGroup: Starting thread group... number=1 threads=1 ramp-up=1 delayedStart=false
2025-03-02 10:49:07,833 ERROR o.a.j.u.JMeterUtils: Error occurred starting thread group :Thread Group, error message:Invalid duration 0 set in Thread Group:Thread Group, 
see log file for more details
org.apache.jorphan.util.JMeterStopTestException: Invalid duration 0 set in Thread Group:Thread Group
	at org.apache.jmeter.threads.ThreadGroup.scheduleThread(ThreadGroup.java:203) ~[ApacheJMeter_core.jar:5.5]
	at org.apache.jmeter.threads.ThreadGroup.startNewThread(ThreadGroup.java:262) ~[ApacheJMeter_core.jar:5.5]
	at org.apache.jmeter.threads.ThreadGroup.start(ThreadGroup.java:242) ~[ApacheJMeter_core.jar:5.5]
	at org.apache.jmeter.engine.StandardJMeterEngine.startThreadGroup(StandardJMeterEngine.java:541) ~[ApacheJMeter_core.jar:5.5]
	at org.apache.jmeter.engine.StandardJMeterEngine.run(StandardJMeterEngine.java:466) ~[ApacheJMeter_core.jar:5.5]
	at java.lang.Thread.run(Thread.java:1589) ~[?:?]
2025-03-02 10:49:07,835 INFO o.a.j.e.StandardJMeterEngine: All thread groups have been started
2025-03-02 10:49:07,835 INFO o.a.j.e.StandardJMeterEngine: Notifying test listeners of end of test
2025-03-02 10:49:07,837 INFO o.a.j.g.u.JMeterMenuBar: setRunning(false, *local*)
2025-03-02 10:49:37,115 INFO o.a.j.e.StandardJMeterEngine: Running the test!
2025-03-02 10:49:37,117 INFO o.a.j.s.SampleEvent: List of sample_variables: []
2025-03-02 10:49:37,118 INFO o.a.j.g.u.JMeterMenuBar: setRunning(true, *local*)
2025-03-02 10:49:37,131 INFO o.a.j.e.StandardJMeterEngine: Starting ThreadGroup: 1 : Thread Group
2025-03-02 10:49:37,131 INFO o.a.j.e.StandardJMeterEngine: Starting 1 threads for group Thread Group.
2025-03-02 10:49:37,132 INFO o.a.j.e.StandardJMeterEngine: Thread will continue on error
2025-03-02 10:49:37,132 INFO o.a.j.t.ThreadGroup: Starting thread group... number=1 threads=1 ramp-up=1 delayedStart=false
2025-03-02 10:49:37,135 INFO o.a.j.t.ThreadGroup: Started thread group number 1
2025-03-02 10:49:37,136 INFO o.a.j.e.StandardJMeterEngine: All thread groups have been started
2025-03-02 10:49:37,137 INFO o.a.j.t.JMeterThread: Thread started: Thread Group 1-1
2025-03-02 10:49:38,819 ERROR o.a.j.s.SampleResult: sampleStart called twice
java.lang.Throwable: Invalid call sequence
	at org.apache.jmeter.samplers.SampleResult.sampleStart(SampleResult.java:1135) ~[ApacheJMeter_core.jar:5.5]
	at org.apache.jmeter.samplers.SampleResult$sampleStart.call(Unknown Source) ~[?:?]
	at org.codehaus.groovy.runtime.callsite.CallSiteArray.defaultCall(CallSiteArray.java:47) ~[groovy-3.0.11.jar:3.0.11]
	at org.codehaus.groovy.runtime.callsite.AbstractCallSite.call(AbstractCallSite.java:125) ~[groovy-3.0.11.jar:3.0.11]
	at org.codehaus.groovy.runtime.callsite.AbstractCallSite.call(AbstractCallSite.java:130) ~[groovy-3.0.11.jar:3.0.11]
	at Script3.run(Script3.groovy:1) ~[?:?]
	at org.codehaus.groovy.jsr223.GroovyScriptEngineImpl.eval(GroovyScriptEngineImpl.java:317) ~[groovy-jsr223-3.0.11.jar:3.0.11]
	at org.codehaus.groovy.jsr223.GroovyScriptEngineImpl.eval(GroovyScriptEngineImpl.java:155) ~[groovy-jsr223-3.0.11.jar:3.0.11]
	at javax.script.AbstractScriptEngine.eval(AbstractScriptEngine.java:262) ~[java.scripting:?]
	at com.googlecode.jmeter.plugins.webdriver.sampler.WebDriverSampler.sample(WebDriverSampler.java:90) ~[jmeter-plugins-webdriver-4.13.0.2.jar:?]
	at org.apache.jmeter.threads.JMeterThread.doSampling(JMeterThread.java:651) ~[ApacheJMeter_core.jar:5.5]
	at org.apache.jmeter.threads.JMeterThread.executeSamplePackage(JMeterThread.java:570) ~[ApacheJMeter_core.jar:5.5]
	at org.apache.jmeter.threads.JMeterThread.processSampler(JMeterThread.java:501) ~[ApacheJMeter_core.jar:5.5]
	at org.apache.jmeter.threads.JMeterThread.run(JMeterThread.java:268) ~[ApacheJMeter_core.jar:5.5]
	at java.lang.Thread.run(Thread.java:1589) ~[?:?]
2025-03-02 10:49:43,263 ERROR o.a.j.s.SampleResult: sampleEnd called twice
java.lang.Throwable: Invalid call sequence
	at org.apache.jmeter.samplers.SampleResult.sampleEnd(SampleResult.java:1147) ~[ApacheJMeter_core.jar:5.5]
	at com.googlecode.jmeter.plugins.webdriver.sampler.WebDriverSampler.sample(WebDriverSampler.java:108) ~[jmeter-plugins-webdriver-4.13.0.2.jar:?]
	at org.apache.jmeter.threads.JMeterThread.doSampling(JMeterThread.java:651) ~[ApacheJMeter_core.jar:5.5]
	at org.apache.jmeter.threads.JMeterThread.executeSamplePackage(JMeterThread.java:570) ~[ApacheJMeter_core.jar:5.5]
	at org.apache.jmeter.threads.JMeterThread.processSampler(JMeterThread.java:501) ~[ApacheJMeter_core.jar:5.5]
	at org.apache.jmeter.threads.JMeterThread.run(JMeterThread.java:268) ~[ApacheJMeter_core.jar:5.5]
	at java.lang.Thread.run(Thread.java:1589) ~[?:?]
2025-03-02 10:49:43,264 INFO o.a.j.t.JMeterThread: Thread is done: Thread Group 1-1
2025-03-02 10:49:43,264 INFO o.a.j.t.JMeterThread: Thread finished: Thread Group 1-1
2025-03-02 10:49:43,637 INFO o.a.j.e.StandardJMeterEngine: Notifying test listeners of end of test
2025-03-02 10:49:43,638 INFO o.a.j.g.u.JMeterMenuBar: setRunning(false, *local*)
2025-03-02 10:52:13,511 INFO o.a.j.e.StandardJMeterEngine: Running the test!
2025-03-02 10:52:13,512 INFO o.a.j.s.SampleEvent: List of sample_variables: []
2025-03-02 10:52:13,512 INFO o.a.j.g.u.JMeterMenuBar: setRunning(true, *local*)
2025-03-02 10:52:13,589 INFO o.a.j.e.StandardJMeterEngine: Starting ThreadGroup: 1 : Thread Group
2025-03-02 10:52:13,589 INFO o.a.j.e.StandardJMeterEngine: Starting 1 threads for group Thread Group.
2025-03-02 10:52:13,590 INFO o.a.j.e.StandardJMeterEngine: Thread will continue on error
2025-03-02 10:52:13,590 INFO o.a.j.t.ThreadGroup: Starting thread group... number=1 threads=1 ramp-up=1 delayedStart=false
2025-03-02 10:52:13,593 INFO o.a.j.t.ThreadGroup: Started thread group number 1
2025-03-02 10:52:13,593 INFO o.a.j.e.StandardJMeterEngine: All thread groups have been started
2025-03-02 10:52:13,594 INFO o.a.j.t.JMeterThread: Thread started: Thread Group 1-1
2025-03-02 10:52:15,264 ERROR o.a.j.s.SampleResult: sampleStart called twice
java.lang.Throwable: Invalid call sequence
	at org.apache.jmeter.samplers.SampleResult.sampleStart(SampleResult.java:1135) ~[ApacheJMeter_core.jar:5.5]
	at org.apache.jmeter.samplers.SampleResult$sampleStart.call(Unknown Source) ~[?:?]
	at org.codehaus.groovy.runtime.callsite.CallSiteArray.defaultCall(CallSiteArray.java:47) ~[groovy-3.0.11.jar:3.0.11]
	at org.codehaus.groovy.runtime.callsite.AbstractCallSite.call(AbstractCallSite.java:125) ~[groovy-3.0.11.jar:3.0.11]
	at org.codehaus.groovy.runtime.callsite.AbstractCallSite.call(AbstractCallSite.java:130) ~[groovy-3.0.11.jar:3.0.11]
	at Script4.run(Script4.groovy:1) ~[?:?]
	at org.codehaus.groovy.jsr223.GroovyScriptEngineImpl.eval(GroovyScriptEngineImpl.java:317) ~[groovy-jsr223-3.0.11.jar:3.0.11]
	at org.codehaus.groovy.jsr223.GroovyScriptEngineImpl.eval(GroovyScriptEngineImpl.java:155) ~[groovy-jsr223-3.0.11.jar:3.0.11]
	at javax.script.AbstractScriptEngine.eval(AbstractScriptEngine.java:262) ~[java.scripting:?]
	at com.googlecode.jmeter.plugins.webdriver.sampler.WebDriverSampler.sample(WebDriverSampler.java:90) ~[jmeter-plugins-webdriver-4.13.0.2.jar:?]
	at org.apache.jmeter.threads.JMeterThread.doSampling(JMeterThread.java:651) ~[ApacheJMeter_core.jar:5.5]
	at org.apache.jmeter.threads.JMeterThread.executeSamplePackage(JMeterThread.java:570) ~[ApacheJMeter_core.jar:5.5]
	at org.apache.jmeter.threads.JMeterThread.processSampler(JMeterThread.java:501) ~[ApacheJMeter_core.jar:5.5]
	at org.apache.jmeter.threads.JMeterThread.run(JMeterThread.java:268) ~[ApacheJMeter_core.jar:5.5]
	at java.lang.Thread.run(Thread.java:1589) ~[?:?]
2025-03-02 10:52:21,006 ERROR o.a.j.s.SampleResult: sampleEnd called twice
java.lang.Throwable: Invalid call sequence
	at org.apache.jmeter.samplers.SampleResult.sampleEnd(SampleResult.java:1147) ~[ApacheJMeter_core.jar:5.5]
	at com.googlecode.jmeter.plugins.webdriver.sampler.WebDriverSampler.sample(WebDriverSampler.java:108) ~[jmeter-plugins-webdriver-4.13.0.2.jar:?]
	at org.apache.jmeter.threads.JMeterThread.doSampling(JMeterThread.java:651) ~[ApacheJMeter_core.jar:5.5]
	at org.apache.jmeter.threads.JMeterThread.executeSamplePackage(JMeterThread.java:570) ~[ApacheJMeter_core.jar:5.5]
	at org.apache.jmeter.threads.JMeterThread.processSampler(JMeterThread.java:501) ~[ApacheJMeter_core.jar:5.5]
	at org.apache.jmeter.threads.JMeterThread.run(JMeterThread.java:268) ~[ApacheJMeter_core.jar:5.5]
	at java.lang.Thread.run(Thread.java:1589) ~[?:?]
2025-03-02 10:52:21,007 INFO o.a.j.t.JMeterThread: Thread is done: Thread Group 1-1
2025-03-02 10:52:21,007 INFO o.a.j.t.JMeterThread: Thread finished: Thread Group 1-1
2025-03-02 10:52:22,208 INFO o.a.j.e.StandardJMeterEngine: Notifying test listeners of end of test
2025-03-02 10:52:22,209 INFO o.a.j.g.u.JMeterMenuBar: setRunning(false, *local*)
2025-03-02 12:05:17,028 INFO o.a.j.g.a.Load: Loading file: D:\JMeter_Traning\JMeter_Session\test-plan\test-plan-webdrivers.jmx
2025-03-02 12:05:17,090 INFO o.a.j.s.FileServer: Set new base='D:\JMeter_Traning\JMeter_Session\test-plan'
2025-03-02 12:05:17,092 INFO o.a.j.s.SaveService: Loading file: D:\JMeter_Traning\JMeter_Session\test-plan\test-plan-webdrivers.jmx
2025-03-02 12:05:19,484 INFO o.a.j.v.ViewResultsFullVisualizer: Add JavaFX to your Java installation if you want to use renderer: org.apache.jmeter.visualizers.RenderInBrowser
2025-03-02 12:05:19,835 INFO o.a.j.s.FileServer: Set new base='D:\JMeter_Traning\JMeter_Session\test-plan'
