2025-02-16 12:06:33,560 INFO o.a.j.u.JMeterUtils: Setting Locale to en_US
2025-02-16 12:06:33,602 INFO o.a.j.JMeter: Loading user properties from: user.properties
2025-02-16 12:06:33,603 INFO o.a.j.JMeter: Loading system properties from: system.properties
2025-02-16 12:06:33,603 INFO o.a.j.JMeter: Loading additional properties from: D:\JMeter_Traning\JMeter_Session\apache-jmeter-5.5\apache-jmeter-5.5\bin\user.properties
2025-02-16 12:06:33,614 INFO o.a.j.JMeter: Copyright (c) 1998-2022 The Apache Software Foundation
2025-02-16 12:06:33,615 INFO o.a.j.JMeter: Version 5.5
2025-02-16 12:06:33,615 INFO o.a.j.JMeter: java.version=19.0.2
2025-02-16 12:06:33,615 INFO o.a.j.JMeter: java.vm.name=Java HotSpot(TM) 64-Bit Server VM
2025-02-16 12:06:33,616 INFO o.a.j.JMeter: os.name=Windows 10
2025-02-16 12:06:33,616 INFO o.a.j.JMeter: os.arch=amd64
2025-02-16 12:06:33,616 INFO o.a.j.JMeter: os.version=10.0
2025-02-16 12:06:33,616 INFO o.a.j.JMeter: file.encoding=UTF-8
2025-02-16 12:06:33,616 INFO o.a.j.JMeter: java.awt.headless=true
2025-02-16 12:06:33,616 INFO o.a.j.JMeter: Max memory     =2120220672
2025-02-16 12:06:33,617 INFO o.a.j.JMeter: Available Processors =4
2025-02-16 12:06:33,636 INFO o.a.j.JMeter: Default Locale=English (United States)
2025-02-16 12:06:33,637 INFO o.a.j.JMeter: JMeter  Locale=English (United States)
2025-02-16 12:06:33,638 INFO o.a.j.JMeter: JMeterHome=D:\JMeter_Traning\JMeter_Session\apache-jmeter-5.5\apache-jmeter-5.5
2025-02-16 12:06:33,638 INFO o.a.j.JMeter: user.dir  =D:\JMeter_Traning\JMeter_Session\apache-jmeter-5.5\apache-jmeter-5.5\bin
2025-02-16 12:06:33,639 INFO o.a.j.JMeter: PWD       =D:\JMeter_Traning\JMeter_Session\apache-jmeter-5.5\apache-jmeter-5.5\bin
2025-02-16 12:06:33,642 INFO o.a.j.JMeter: IP: 172.31.80.1 Name: DESKTOP-UN3CR32 FullName: DESKTOP-UN3CR32.mshome.net
2025-02-16 12:06:33,652 INFO o.a.j.JMeter: Setting property 'jmeter.reportgenerator.outputdir' to:'D:\JMeter_Traning\JMeter_Session\test-reports'
2025-02-16 12:06:33,657 INFO o.a.j.r.d.ReportGenerator: ReportGenerator will use for Parsing the separator: ','
2025-02-16 12:06:33,657 INFO o.a.j.r.d.ReportGenerator: Will only generate report from results file: D:\JMeter_Traning\JMeter_Session\test-results\result-1.csv
2025-02-16 12:06:33,657 INFO o.a.j.r.d.ReportGenerator: Reading report generator properties from: D:\JMeter_Traning\JMeter_Session\apache-jmeter-5.5\apache-jmeter-5.5\bin\reportgenerator.properties
2025-02-16 12:06:33,658 INFO o.a.j.r.d.ReportGenerator: Merging with JMeter properties
2025-02-16 12:06:33,686 INFO o.a.j.r.c.ReportGeneratorConfiguration: Property 'jmeter.reportgenerator.temp_dir' not found, using default value 'temp' instead.
2025-02-16 12:06:33,690 INFO o.a.j.r.c.ReportGeneratorConfiguration: Property 'jmeter.reportgenerator.apdex_per_transaction' not found, using default value 'null' instead.
2025-02-16 12:06:33,698 INFO o.a.j.r.c.ReportGeneratorConfiguration: apdex_per_transaction is empty, not APDEX per transaction customization
2025-02-16 12:06:33,698 INFO o.a.j.r.c.ReportGeneratorConfiguration: Property 'jmeter.reportgenerator.sample_filter' not found, using default value 'null' instead.
2025-02-16 12:06:33,698 INFO o.a.j.r.c.ReportGeneratorConfiguration: Property 'jmeter.reportgenerator.report_title' not found, using default value 'null' instead.
2025-02-16 12:06:33,698 INFO o.a.j.r.c.ReportGeneratorConfiguration: Property 'jmeter.reportgenerator.start_date' not found, using default value 'null' instead.
2025-02-16 12:06:33,698 INFO o.a.j.r.c.ReportGeneratorConfiguration: Property 'jmeter.reportgenerator.end_date' not found, using default value 'null' instead.
2025-02-16 12:06:33,699 INFO o.a.j.r.c.ReportGeneratorConfiguration: Property 'jmeter.reportgenerator.date_format' not found, using default value 'null' instead.
2025-02-16 12:06:33,718 INFO o.a.j.r.c.ReportGeneratorConfiguration: Will use date range start date: null, end date: null
2025-02-16 12:06:33,731 INFO o.a.j.r.c.ReportGeneratorConfiguration: Property 'jmeter.reportgenerator.graph.totalTPS.exclude_controllers' not found, using default value 'false' instead.
2025-02-16 12:06:33,731 INFO o.a.j.r.c.ReportGeneratorConfiguration: Property 'jmeter.reportgenerator.graph.activeThreadsOverTime.exclude_controllers' not found, using default value 'false' instead.
2025-02-16 12:06:33,732 INFO o.a.j.r.c.ReportGeneratorConfiguration: Property 'jmeter.reportgenerator.graph.timeVsThreads.exclude_controllers' not found, using default value 'false' instead.
2025-02-16 12:06:33,732 INFO o.a.j.r.c.ReportGeneratorConfiguration: Property 'jmeter.reportgenerator.graph.responseTimeDistribution.exclude_controllers' not found, using default value 'false' instead.
2025-02-16 12:06:33,732 INFO o.a.j.r.c.ReportGeneratorConfiguration: Property 'jmeter.reportgenerator.graph.transactionsPerSecond.exclude_controllers' not found, using default value 'false' instead.
2025-02-16 12:06:33,732 INFO o.a.j.r.c.ReportGeneratorConfiguration: Property 'jmeter.reportgenerator.graph.responseTimePercentiles.exclude_controllers' not found, using default value 'false' instead.
2025-02-16 12:06:33,734 INFO o.a.j.r.c.ReportGeneratorConfiguration: Property 'jmeter.reportgenerator.graph.responseTimePercentilesOverTime.exclude_controllers' not found, using default value 'false' instead.
2025-02-16 12:06:33,734 INFO o.a.j.r.c.ReportGeneratorConfiguration: Property 'jmeter.reportgenerator.graph.responseTimesOverTime.exclude_controllers' not found, using default value 'false' instead.
2025-02-16 12:06:33,734 INFO o.a.j.r.c.ReportGeneratorConfiguration: Property 'jmeter.reportgenerator.graph.connectTimeOverTime.exclude_controllers' not found, using default value 'false' instead.
2025-02-16 12:06:33,734 INFO o.a.j.r.c.ReportGeneratorConfiguration: Property 'jmeter.reportgenerator.graph.latenciesOverTime.exclude_controllers' not found, using default value 'false' instead.
2025-02-16 12:06:33,736 INFO o.a.j.r.c.ReportGeneratorConfiguration: Property 'jmeter.reportgenerator.exporter.json.filters_only_sample_series' not found, using default value 'true' instead.
2025-02-16 12:06:33,736 INFO o.a.j.r.c.ReportGeneratorConfiguration: Property 'jmeter.reportgenerator.exporter.json.series_filter' not found, using default value '' instead.
2025-02-16 12:06:33,736 INFO o.a.j.r.c.ReportGeneratorConfiguration: Property 'jmeter.reportgenerator.exporter.json.show_controllers_only' not found, using default value 'false' instead.
2025-02-16 12:06:33,737 INFO o.a.j.r.c.ReportGeneratorConfiguration: Property 'jmeter.reportgenerator.exporter.html.filters_only_sample_series' not found, using default value 'true' instead.
2025-02-16 12:06:33,737 INFO o.a.j.r.c.ReportGeneratorConfiguration: Property 'jmeter.reportgenerator.exporter.html.series_filter' not found, using default value '' instead.
2025-02-16 12:06:33,737 INFO o.a.j.r.c.ReportGeneratorConfiguration: Property 'jmeter.reportgenerator.exporter.html.show_controllers_only' not found, using default value 'false' instead.
2025-02-16 12:06:34,353 INFO o.a.j.s.SaveService: Testplan (JMX) version: 2.2. Testlog (JTL) version: 2.2
2025-02-16 12:06:34,422 INFO o.a.j.s.SaveService: Using SaveService properties version 5.0
2025-02-16 12:06:34,428 INFO o.a.j.s.SaveService: Using SaveService properties file encoding UTF-8
2025-02-16 12:06:34,596 INFO o.a.j.r.p.NormalizerSampleConsumer: Using format, 'ms', to parse timeStamp field
2025-02-16 12:06:34,902 INFO o.a.j.r.p.AbstractSampleConsumer: class org.apache.jmeter.report.processor.AggregateConsumer#stopProducing(): beginDate produced 0 samples
2025-02-16 12:06:34,903 INFO o.a.j.r.p.AbstractSampleConsumer: class org.apache.jmeter.report.processor.AggregateConsumer#stopProducing(): endDate produced 0 samples
2025-02-16 12:06:34,908 INFO o.a.j.r.p.AbstractSampleConsumer: class org.apache.jmeter.report.processor.ApdexSummaryConsumer#stopProducing(): apdexSummary produced 0 samples
2025-02-16 12:06:34,908 INFO o.a.j.r.p.AbstractSampleConsumer: class org.apache.jmeter.report.processor.RequestsSummaryConsumer#stopProducing(): requestsSummary produced 0 samples
2025-02-16 12:06:34,935 INFO o.a.j.r.p.AbstractSampleConsumer: class org.apache.jmeter.report.processor.StatisticsSummaryConsumer#stopProducing(): statisticsSummary produced 0 samples
2025-02-16 12:06:34,943 INFO o.a.j.r.p.AbstractSampleConsumer: class org.apache.jmeter.report.processor.Top5ErrorsBySamplerConsumer#stopProducing(): top5ErrorsBySampler produced 0 samples
2025-02-16 12:06:34,944 INFO o.a.j.r.p.AbstractSampleConsumer: class org.apache.jmeter.report.processor.ErrorsSummaryConsumer#stopProducing(): errorsSummary produced 0 samples
2025-02-16 12:06:34,944 INFO o.a.j.r.p.AbstractSampleConsumer: class org.apache.jmeter.report.processor.graph.impl.HitsPerSecondGraphConsumer#stopProducing(): hitsPerSecond produced 0 samples
2025-02-16 12:06:34,975 INFO o.a.j.r.p.AbstractSampleConsumer: class org.apache.jmeter.report.processor.graph.impl.LatencyVSRequestGraphConsumer#stopProducing(): latencyVsRequest produced 0 samples
2025-02-16 12:06:34,976 INFO o.a.j.r.p.AbstractSampleConsumer: class org.apache.jmeter.report.processor.graph.impl.SyntheticResponseTimeDistributionGraphConsumer#stopProducing(): syntheticResponseTimeDistribution produced 0 samples
2025-02-16 12:06:34,977 INFO o.a.j.r.p.AbstractSampleConsumer: class org.apache.jmeter.report.processor.graph.impl.BytesThroughputGraphConsumer#stopProducing(): bytesThroughputOverTime produced 0 samples
2025-02-16 12:06:34,977 INFO o.a.j.r.p.AbstractSampleConsumer: class org.apache.jmeter.report.processor.graph.impl.CodesPerSecondGraphConsumer#stopProducing(): codesPerSecond produced 0 samples
2025-02-16 12:06:34,989 INFO o.a.j.r.p.AbstractSampleConsumer: class org.apache.jmeter.report.processor.graph.impl.ResponseTimeVSRequestGraphConsumer#stopProducing(): responseTimeVsRequest produced 0 samples
2025-02-16 12:06:34,990 INFO o.a.j.r.p.AbstractSampleConsumer: class org.apache.jmeter.report.processor.FilterConsumer#stopProducing(): startIntervalControlerFilter produced 1400 samples
2025-02-16 12:06:34,990 INFO o.a.j.r.p.AbstractSampleConsumer: class org.apache.jmeter.report.processor.graph.impl.TotalTPSGraphConsumer#stopProducing(): totalTPS produced 0 samples
2025-02-16 12:06:34,991 INFO o.a.j.r.p.AbstractSampleConsumer: class org.apache.jmeter.report.processor.graph.impl.ActiveThreadsGraphConsumer#stopProducing(): activeThreadsOverTime produced 0 samples
2025-02-16 12:06:34,991 INFO o.a.j.r.p.AbstractSampleConsumer: class org.apache.jmeter.report.processor.graph.impl.TimeVSThreadGraphConsumer#stopProducing(): timeVsThreads produced 0 samples
2025-02-16 12:06:34,991 INFO o.a.j.r.p.AbstractSampleConsumer: class org.apache.jmeter.report.processor.graph.impl.ResponseTimeDistributionGraphConsumer#stopProducing(): responseTimeDistribution produced 0 samples
2025-02-16 12:06:34,992 INFO o.a.j.r.p.AbstractSampleConsumer: class org.apache.jmeter.report.processor.graph.impl.TransactionsPerSecondGraphConsumer#stopProducing(): transactionsPerSecond produced 0 samples
2025-02-16 12:06:34,992 INFO o.a.j.r.p.AbstractSampleConsumer: class org.apache.jmeter.report.processor.graph.impl.ResponseTimePercentilesGraphConsumer#stopProducing(): responseTimePercentiles produced 0 samples
2025-02-16 12:06:34,995 INFO o.a.j.r.p.AbstractSampleConsumer: class org.apache.jmeter.report.processor.graph.impl.ResponseTimePercentilesOverTimeGraphConsumer#stopProducing(): responseTimePercentilesOverTime produced 0 samples
2025-02-16 12:06:34,995 INFO o.a.j.r.p.AbstractSampleConsumer: class org.apache.jmeter.report.processor.graph.impl.ResponseTimeOverTimeGraphConsumer#stopProducing(): responseTimesOverTime produced 0 samples
2025-02-16 12:06:34,995 INFO o.a.j.r.p.AbstractSampleConsumer: class org.apache.jmeter.report.processor.graph.impl.ConnectTimeOverTimeGraphConsumer#stopProducing(): connectTimeOverTime produced 0 samples
2025-02-16 12:06:34,995 INFO o.a.j.r.p.AbstractSampleConsumer: class org.apache.jmeter.report.processor.graph.impl.LatencyOverTimeGraphConsumer#stopProducing(): latenciesOverTime produced 0 samples
2025-02-16 12:06:34,996 INFO o.a.j.r.p.AbstractSampleConsumer: class org.apache.jmeter.report.processor.FilterConsumer#stopProducing(): nameFilter produced 3000 samples
2025-02-16 12:06:34,996 INFO o.a.j.r.p.AbstractSampleConsumer: class org.apache.jmeter.report.processor.FilterConsumer#stopProducing(): dateRangeFilter produced 600 samples
2025-02-16 12:06:34,997 INFO o.a.j.r.p.AbstractSampleConsumer: class org.apache.jmeter.report.processor.NormalizerSampleConsumer#stopProducing(): normalizer produced 200 samples
2025-02-16 12:06:34,998 INFO o.a.j.r.p.CsvFileSampleSource: produce(): 200 samples produced in 353ms on channel 0
2025-02-16 12:06:34,998 INFO o.a.j.r.d.ReportGenerator: Exporting data using exporter:'json' of className:'org.apache.jmeter.report.dashboard.JsonExporter'
2025-02-16 12:06:35,195 INFO o.a.j.r.d.JsonExporter: Found data for consumer statisticsSummary in context
2025-02-16 12:06:35,196 INFO o.a.j.r.d.JsonExporter: Creating statistics for overall
2025-02-16 12:06:35,202 INFO o.a.j.r.d.JsonExporter: Creating statistics for other transactions
2025-02-16 12:06:35,204 INFO o.a.j.r.d.JsonExporter: Checking output folder
2025-02-16 12:06:35,205 INFO o.a.j.r.d.JsonExporter: Writing statistics JSON to D:\JMeter_Traning\JMeter_Session\test-reports\statistics.json
2025-02-16 12:06:35,456 INFO o.a.j.r.d.ReportGenerator: Exporting data using exporter:'html' of className:'org.apache.jmeter.report.dashboard.HtmlTemplateExporter'
2025-02-16 12:06:35,462 INFO o.a.j.r.d.HtmlTemplateExporter: Will generate dashboard in folder: D:\JMeter_Traning\JMeter_Session\test-reports
2025-02-16 12:06:35,820 INFO o.a.j.r.d.HtmlTemplateExporter: Report will be generated in: D:\JMeter_Traning\JMeter_Session\test-reports, creating folder structure
2025-02-16 12:06:35,825 INFO o.a.j.r.d.TemplateVisitor: Copying folder from 'D:\JMeter_Traning\JMeter_Session\apache-jmeter-5.5\apache-jmeter-5.5\bin\report-template' to 'D:\JMeter_Traning\JMeter_Session\test-reports', got message: D:\JMeter_Traning\JMeter_Session\test-reports, found non empty folder with following content [D:\JMeter_Traning\JMeter_Session\test-reports\statistics.json], will be ignored
